# JRE version: OpenJDK Runtime Environment (8.0_76-b03) (build 1.8.0_76-release-b03)
# Java VM: OpenJDK 64-Bit Server VM (25.76-b03 mixed mode linux-amd64 compressed oops)
Heap:
 PSYoungGen      total 416768K, used 199772K [0x00000000e0000000, 0x0000000100000000, 0x0000000100000000)
  eden space 390144K, 44% used [0x00000000e0000000,0x00000000ea91a8f0,0x00000000f7d00000)
  from space 26624K, 99% used [0x00000000f7d00000,0x00000000f96fc900,0x00000000f9700000)
  to   space 35328K, 0% used [0x00000000fdd80000,0x00000000fdd80000,0x0000000100000000)
 ParOldGen       total 71168K, used 42734K [0x00000000a0000000, 0x00000000a4580000, 0x00000000e0000000)
  object space 71168K, 60% used [0x00000000a0000000,0x00000000a29bb9a8,0x00000000a4580000)
 Metaspace       used 52099K, capacity 53404K, committed 53504K, reserved 1095680K
  class space    used 6835K, capacity 7156K, committed 7168K, reserved 1048576K
GC Heap History (10 events):
Event: 10.594 GC heap before
{Heap before GC invocations=7 (full 1):
 PSYoungGen      total 132096K, used 113004K [0x00000000e0000000, 0x00000000efc80000, 0x0000000100000000)
  eden space 126976K, 84% used [0x00000000e0000000,0x00000000e695ed50,0x00000000e7c00000)
  from space 5120K, 99% used [0x00000000e7c00000,0x00000000e80fc4c8,0x00000000e8100000)
  to   space 13312K, 0% used [0x00000000eef80000,0x00000000eef80000,0x00000000efc80000)
 ParOldGen       total 57344K, used 16027K [0x00000000a0000000, 0x00000000a3800000, 0x00000000e0000000)
  object space 57344K, 27% used [0x00000000a0000000,0x00000000a0fa6f18,0x00000000a3800000)
 Metaspace       used 34694K, capacity 35254K, committed 35496K, reserved 1079296K
  class space    used 4660K, capacity 4848K, committed 4864K, reserved 1048576K
Event: 10.613 GC heap after
Heap after GC invocations=7 (full 1):
 PSYoungGen      total 240128K, used 12838K [0x00000000e0000000, 0x00000000efc80000, 0x0000000100000000)
  eden space 226816K, 0% used [0x00000000e0000000,0x00000000e0000000,0x00000000edd80000)
  from space 13312K, 96% used [0x00000000eef80000,0x00000000efc098b8,0x00000000efc80000)
  to   space 15360K, 0% used [0x00000000ede80000,0x00000000ede80000,0x00000000eed80000)
 ParOldGen       total 57344K, used 16035K [0x00000000a0000000, 0x00000000a3800000, 0x00000000e0000000)
  object space 57344K, 27% used [0x00000000a0000000,0x00000000a0fa8f18,0x00000000a3800000)
 Metaspace       used 34694K, capacity 35254K, committed 35496K, reserved 1079296K
  class space    used 4660K, capacity 4848K, committed 4864K, reserved 1048576K
}
Event: 10.613 GC heap before
{Heap before GC invocations=8 (full 2):
 PSYoungGen      total 240128K, used 12838K [0x00000000e0000000, 0x00000000efc80000, 0x0000000100000000)
  eden space 226816K, 0% used [0x00000000e0000000,0x00000000e0000000,0x00000000edd80000)
  from space 13312K, 96% used [0x00000000eef80000,0x00000000efc098b8,0x00000000efc80000)
  to   space 15360K, 0% used [0x00000000ede80000,0x00000000ede80000,0x00000000eed80000)
 ParOldGen       total 57344K, used 16035K [0x00000000a0000000, 0x00000000a3800000, 0x00000000e0000000)
  object space 57344K, 27% used [0x00000000a0000000,0x00000000a0fa8f18,0x00000000a3800000)
 Metaspace       used 34694K, capacity 35254K, committed 35496K, reserved 1079296K
  class space    used 4660K, capacity 4848K, committed 4864K, reserved 1048576K
Event: 10.736 GC heap after
Heap after GC invocations=8 (full 2):
 PSYoungGen      total 240128K, used 0K [0x00000000e0000000, 0x00000000efc80000, 0x0000000100000000)
  eden space 226816K, 0% used [0x00000000e0000000,0x00000000e0000000,0x00000000edd80000)
  from space 13312K, 0% used [0x00000000eef80000,0x00000000eef80000,0x00000000efc80000)
  to   space 15360K, 0% used [0x00000000ede80000,0x00000000ede80000,0x00000000eed80000)
 ParOldGen       total 71168K, used 20094K [0x00000000a0000000, 0x00000000a4580000, 0x00000000e0000000)
  object space 71168K, 28% used [0x00000000a0000000,0x00000000a139fab0,0x00000000a4580000)
 Metaspace       used 34694K, capacity 35254K, committed 35496K, reserved 1079296K
  class space    used 4660K, capacity 4848K, committed 4864K, reserved 1048576K
}
Event: 16.398 GC heap before
{Heap before GC invocations=9 (full 2):
 PSYoungGen      total 240128K, used 226816K [0x00000000e0000000, 0x00000000efc80000, 0x0000000100000000)
  eden space 226816K, 100% used [0x00000000e0000000,0x00000000edd80000,0x00000000edd80000)
  from space 13312K, 0% used [0x00000000eef80000,0x00000000eef80000,0x00000000efc80000)
  to   space 15360K, 0% used [0x00000000ede80000,0x00000000ede80000,0x00000000eed80000)
 ParOldGen       total 71168K, used 20094K [0x00000000a0000000, 0x00000000a4580000, 0x00000000e0000000)
  object space 71168K, 28% used [0x00000000a0000000,0x00000000a139fab0,0x00000000a4580000)
 Metaspace       used 47144K, capacity 48422K, committed 48640K, reserved 1091584K
  class space    used 6359K, capacity 6651K, committed 6656K, reserved 1048576K
Event: 16.416 GC heap after
Heap after GC invocations=9 (full 2):
 PSYoungGen      total 243200K, used 15355K [0x00000000e0000000, 0x00000000fad80000, 0x0000000100000000)
  eden space 227840K, 0% used [0x00000000e0000000,0x00000000e0000000,0x00000000ede80000)
  from space 15360K, 99% used [0x00000000ede80000,0x00000000eed7ec58,0x00000000eed80000)
  to   space 20480K, 0% used [0x00000000f9980000,0x00000000f9980000,0x00000000fad80000)
 ParOldGen       total 71168K, used 24575K [0x00000000a0000000, 0x00000000a4580000, 0x00000000e0000000)
  object space 71168K, 34% used [0x00000000a0000000,0x00000000a17fff18,0x00000000a4580000)
 Metaspace       used 47144K, capacity 48422K, committed 48640K, reserved 1091584K
  class space    used 6359K, capacity 6651K, committed 6656K, reserved 1048576K
}
Event: 22.191 GC heap before
{Heap before GC invocations=10 (full 2):
 PSYoungGen      total 243200K, used 243195K [0x00000000e0000000, 0x00000000fad80000, 0x0000000100000000)
  eden space 227840K, 100% used [0x00000000e0000000,0x00000000ede80000,0x00000000ede80000)
  from space 15360K, 99% used [0x00000000ede80000,0x00000000eed7ec58,0x00000000eed80000)
  to   space 20480K, 0% used [0x00000000f9980000,0x00000000f9980000,0x00000000fad80000)
 ParOldGen       total 71168K, used 24575K [0x00000000a0000000, 0x00000000a4580000, 0x00000000e0000000)
  object space 71168K, 34% used [0x00000000a0000000,0x00000000a17fff18,0x00000000a4580000)
 Metaspace       used 50352K, capacity 51630K, committed 51840K, reserved 1093632K
  class space    used 6673K, capacity 6957K, committed 7040K, reserved 1048576K
Event: 22.236 GC heap after
Heap after GC invocations=10 (full 2):
 PSYoungGen      total 410624K, used 20450K [0x00000000e0000000, 0x00000000fb100000, 0x0000000100000000)
  eden space 390144K, 0% used [0x00000000e0000000,0x00000000e0000000,0x00000000f7d00000)
  from space 20480K, 99% used [0x00000000f9980000,0x00000000fad788f0,0x00000000fad80000)
  to   space 26624K, 0% used [0x00000000f7d00000,0x00000000f7d00000,0x00000000f9700000)
 ParOldGen       total 71168K, used 30794K [0x00000000a0000000, 0x00000000a4580000, 0x00000000e0000000)
  object space 71168K, 43% used [0x00000000a0000000,0x00000000a1e129f0,0x00000000a4580000)
 Metaspace       used 50352K, capacity 51630K, committed 51840K, reserved 1093632K
  class space    used 6673K, capacity 6957K, committed 7040K, reserved 1048576K
}
Event: 24.740 GC heap before
{Heap before GC invocations=11 (full 2):
 PSYoungGen      total 410624K, used 410594K [0x00000000e0000000, 0x00000000fb100000, 0x0000000100000000)
  eden space 390144K, 100% used [0x00000000e0000000,0x00000000f7d00000,0x00000000f7d00000)
  from space 20480K, 99% used [0x00000000f9980000,0x00000000fad788f0,0x00000000fad80000)
  to   space 26624K, 0% used [0x00000000f7d00000,0x00000000f7d00000,0x00000000f9700000)
 ParOldGen       total 71168K, used 30794K [0x00000000a0000000, 0x00000000a4580000, 0x00000000e0000000)
  object space 71168K, 43% used [0x00000000a0000000,0x00000000a1e129f0,0x00000000a4580000)
 Metaspace       used 51314K, capacity 52570K, committed 52864K, reserved 1095680K
  class space    used 6739K, capacity 7027K, committed 7040K, reserved 1048576K
Event: 24.786 GC heap after
Heap after GC invocations=11 (full 2):
 PSYoungGen      total 416768K, used 26610K [0x00000000e0000000, 0x0000000100000000, 0x0000000100000000)
  eden space 390144K, 0% used [0x00000000e0000000,0x00000000e0000000,0x00000000f7d00000)
  from space 26624K, 99% used [0x00000000f7d00000,0x00000000f96fc900,0x00000000f9700000)
  to   space 35328K, 0% used [0x00000000fdd80000,0x00000000fdd80000,0x0000000100000000)
 ParOldGen       total 71168K, used 42734K [0x00000000a0000000, 0x00000000a4580000, 0x00000000e0000000)
  object space 71168K, 60% used [0x00000000a0000000,0x00000000a29bb9a8,0x00000000a4580000)
 Metaspace       used 51314K, capacity 52570K, committed 52864K, reserved 1095680K
  class space    used 6739K, capacity 7027K, committed 7040K, reserved 1048576K
}

