# JRE version: OpenJDK Runtime Environment (8.0_112-b06) (build 1.8.0_112-release-b06)
# Java VM: OpenJDK 64-Bit Server VM (25.112-b06 mixed mode linux-amd64 compressed oops)
Heap:
 PSYoungGen      total 230400K, used 222420K [0x00000000e0000000, 0x00000000f3400000, 0x0000000100000000)
  eden space 198656K, 99% used [0x00000000e0000000,0x00000000ec19c750,0x00000000ec200000)
  from space 31744K, 76% used [0x00000000ec200000,0x00000000ed998b78,0x00000000ee100000)
  to   space 33280K, 0% used [0x00000000f1380000,0x00000000f1380000,0x00000000f3400000)
 ParOldGen       total 107008K, used 54500K [0x00000000a0000000, 0x00000000a6880000, 0x00000000e0000000)
  object space 107008K, 50% used [0x00000000a0000000,0x00000000a3539058,0x00000000a6880000)
 Metaspace       used 56905K, capacity 58550K, committed 58880K, reserved 1099776K
  class space    used 7512K, capacity 7884K, committed 7936K, reserved 1048576K
GC Heap History (10 events):
Event: 7.284 GC heap before
{Heap before GC invocations=9 (full 2):
 PSYoungGen      total 122880K, used 119808K [0x00000000e0000000, 0x00000000eb500000, 0x0000000100000000)
  eden space 119808K, 100% used [0x00000000e0000000,0x00000000e7500000,0x00000000e7500000)
  from space 3072K, 0% used [0x00000000e8100000,0x00000000e8100000,0x00000000e8400000)
  to   space 12288K, 0% used [0x00000000e7500000,0x00000000e7500000,0x00000000e8100000)
 ParOldGen       total 107008K, used 15950K [0x00000000a0000000, 0x00000000a6880000, 0x00000000e0000000)
  object space 107008K, 14% used [0x00000000a0000000,0x00000000a0f939b8,0x00000000a6880000)
 Metaspace       used 42508K, capacity 43350K, committed 43648K, reserved 1087488K
  class space    used 5689K, capacity 5914K, committed 6016K, reserved 1048576K
Event: 7.296 GC heap after
Heap after GC invocations=9 (full 2):
 PSYoungGen      total 132096K, used 10998K [0x00000000e0000000, 0x00000000ebd80000, 0x0000000100000000)
  eden space 119808K, 0% used [0x00000000e0000000,0x00000000e0000000,0x00000000e7500000)
  from space 12288K, 89% used [0x00000000e7500000,0x00000000e7fbdb30,0x00000000e8100000)
  to   space 13312K, 0% used [0x00000000eb080000,0x00000000eb080000,0x00000000ebd80000)
 ParOldGen       total 107008K, used 15958K [0x00000000a0000000, 0x00000000a6880000, 0x00000000e0000000)
  object space 107008K, 14% used [0x00000000a0000000,0x00000000a0f959b8,0x00000000a6880000)
 Metaspace       used 42508K, capacity 43350K, committed 43648K, reserved 1087488K
  class space    used 5689K, capacity 5914K, committed 6016K, reserved 1048576K
}
Event: 9.503 GC heap before
{Heap before GC invocations=10 (full 2):
 PSYoungGen      total 132096K, used 130806K [0x00000000e0000000, 0x00000000ebd80000, 0x0000000100000000)
  eden space 119808K, 100% used [0x00000000e0000000,0x00000000e7500000,0x00000000e7500000)
  from space 12288K, 89% used [0x00000000e7500000,0x00000000e7fbdb30,0x00000000e8100000)
  to   space 13312K, 0% used [0x00000000eb080000,0x00000000eb080000,0x00000000ebd80000)
 ParOldGen       total 107008K, used 15958K [0x00000000a0000000, 0x00000000a6880000, 0x00000000e0000000)
  object space 107008K, 14% used [0x00000000a0000000,0x00000000a0f959b8,0x00000000a6880000)
 Metaspace       used 48078K, capacity 49484K, committed 49664K, reserved 1091584K
  class space    used 6495K, capacity 6801K, committed 6912K, reserved 1048576K
Event: 9.553 GC heap after
Heap after GC invocations=10 (full 2):
 PSYoungGen      total 177152K, used 13284K [0x00000000e0000000, 0x00000000ec700000, 0x0000000100000000)
  eden space 163840K, 0% used [0x00000000e0000000,0x00000000e0000000,0x00000000ea000000)
  from space 13312K, 99% used [0x00000000eb080000,0x00000000ebd79358,0x00000000ebd80000)
  to   space 16896K, 0% used [0x00000000ea000000,0x00000000ea000000,0x00000000eb080000)
 ParOldGen       total 107008K, used 21164K [0x00000000a0000000, 0x00000000a6880000, 0x00000000e0000000)
  object space 107008K, 19% used [0x00000000a0000000,0x00000000a14ab1d0,0x00000000a6880000)
 Metaspace       used 48078K, capacity 49484K, committed 49664K, reserved 1091584K
  class space    used 6495K, capacity 6801K, committed 6912K, reserved 1048576K
}
Event: 11.284 GC heap before
{Heap before GC invocations=11 (full 2):
 PSYoungGen      total 177152K, used 177124K [0x00000000e0000000, 0x00000000ec700000, 0x0000000100000000)
  eden space 163840K, 100% used [0x00000000e0000000,0x00000000ea000000,0x00000000ea000000)
  from space 13312K, 99% used [0x00000000eb080000,0x00000000ebd79358,0x00000000ebd80000)
  to   space 16896K, 0% used [0x00000000ea000000,0x00000000ea000000,0x00000000eb080000)
 ParOldGen       total 107008K, used 21164K [0x00000000a0000000, 0x00000000a6880000, 0x00000000e0000000)
  object space 107008K, 19% used [0x00000000a0000000,0x00000000a14ab1d0,0x00000000a6880000)
 Metaspace       used 50948K, capacity 52388K, committed 52480K, reserved 1095680K
  class space    used 6807K, capacity 7113K, committed 7168K, reserved 1048576K
Event: 11.315 GC heap after
Heap after GC invocations=11 (full 2):
 PSYoungGen      total 180736K, used 16884K [0x00000000e0000000, 0x00000000efa00000, 0x0000000100000000)
  eden space 163840K, 0% used [0x00000000e0000000,0x00000000e0000000,0x00000000ea000000)
  from space 16896K, 99% used [0x00000000ea000000,0x00000000eb07d388,0x00000000eb080000)
  to   space 25600K, 0% used [0x00000000ee100000,0x00000000ee100000,0x00000000efa00000)
 ParOldGen       total 107008K, used 36508K [0x00000000a0000000, 0x00000000a6880000, 0x00000000e0000000)
  object space 107008K, 34% used [0x00000000a0000000,0x00000000a23a71e8,0x00000000a6880000)
 Metaspace       used 50948K, capacity 52388K, committed 52480K, reserved 1095680K
  class space    used 6807K, capacity 7113K, committed 7168K, reserved 1048576K
}
Event: 13.465 GC heap before
{Heap before GC invocations=12 (full 2):
 PSYoungGen      total 180736K, used 180678K [0x00000000e0000000, 0x00000000efa00000, 0x0000000100000000)
  eden space 163840K, 99% used [0x00000000e0000000,0x00000000e9ff4568,0x00000000ea000000)
  from space 16896K, 99% used [0x00000000ea000000,0x00000000eb07d388,0x00000000eb080000)
  to   space 25600K, 0% used [0x00000000ee100000,0x00000000ee100000,0x00000000efa00000)
 ParOldGen       total 107008K, used 36508K [0x00000000a0000000, 0x00000000a6880000, 0x00000000e0000000)
  object space 107008K, 34% used [0x00000000a0000000,0x00000000a23a71e8,0x00000000a6880000)
 Metaspace       used 51665K, capacity 53158K, committed 53376K, reserved 1095680K
  class space    used 6866K, capacity 7212K, committed 7296K, reserved 1048576K
Event: 13.497 GC heap after
Heap after GC invocations=12 (full 2):
 PSYoungGen      total 224256K, used 25598K [0x00000000e0000000, 0x00000000f0580000, 0x0000000100000000)
  eden space 198656K, 0% used [0x00000000e0000000,0x00000000e0000000,0x00000000ec200000)
  from space 25600K, 99% used [0x00000000ee100000,0x00000000ef9ff908,0x00000000efa00000)
  to   space 31744K, 0% used [0x00000000ec200000,0x00000000ec200000,0x00000000ee100000)
 ParOldGen       total 107008K, used 42932K [0x00000000a0000000, 0x00000000a6880000, 0x00000000e0000000)
  object space 107008K, 40% used [0x00000000a0000000,0x00000000a29ed150,0x00000000a6880000)
 Metaspace       used 51665K, capacity 53158K, committed 53376K, reserved 1095680K
  class space    used 6866K, capacity 7212K, committed 7296K, reserved 1048576K
}
Event: 15.342 GC heap before
{Heap before GC invocations=13 (full 2):
 PSYoungGen      total 224256K, used 224254K [0x00000000e0000000, 0x00000000f0580000, 0x0000000100000000)
  eden space 198656K, 100% used [0x00000000e0000000,0x00000000ec200000,0x00000000ec200000)
  from space 25600K, 99% used [0x00000000ee100000,0x00000000ef9ff908,0x00000000efa00000)
  to   space 31744K, 0% used [0x00000000ec200000,0x00000000ec200000,0x00000000ee100000)
 ParOldGen       total 107008K, used 42932K [0x00000000a0000000, 0x00000000a6880000, 0x00000000e0000000)
  object space 107008K, 40% used [0x00000000a0000000,0x00000000a29ed150,0x00000000a6880000)
 Metaspace       used 53381K, capacity 54920K, committed 55040K, reserved 1097728K
  class space    used 7038K, capacity 7361K, committed 7424K, reserved 1048576K
Event: 15.381 GC heap after
Heap after GC invocations=13 (full 2):
 PSYoungGen      total 230400K, used 24162K [0x00000000e0000000, 0x00000000f3400000, 0x0000000100000000)
  eden space 198656K, 0% used [0x00000000e0000000,0x00000000e0000000,0x00000000ec200000)
  from space 31744K, 76% used [0x00000000ec200000,0x00000000ed998b78,0x00000000ee100000)
  to   space 33280K, 0% used [0x00000000f1380000,0x00000000f1380000,0x00000000f3400000)
 ParOldGen       total 107008K, used 54500K [0x00000000a0000000, 0x00000000a6880000, 0x00000000e0000000)
  object space 107008K, 50% used [0x00000000a0000000,0x00000000a3539058,0x00000000a6880000)
 Metaspace       used 53381K, capacity 54920K, committed 55040K, reserved 1097728K
  class space    used 7038K, capacity 7361K, committed 7424K, reserved 1048576K
}

