# JRE version: OpenJDK Runtime Environment (8.0_76-b03) (build 1.8.0_76-release-b03)
# Java VM: OpenJDK 64-Bit Server VM (25.76-b03 mixed mode linux-amd64 compressed oops)
Heap:
 PSYoungGen      total 432640K, used 309478K [0x00000000e0000000, 0x0000000100000000, 0x0000000100000000)
  eden space 403968K, 76% used [0x00000000e0000000,0x00000000f2e39828,0x00000000f8a80000)
  from space 28672K, 0% used [0x00000000f8a80000,0x00000000f8a80000,0x00000000fa680000)
  to   space 34304K, 0% used [0x00000000fde80000,0x00000000fde80000,0x0000000100000000)
 ParOldGen       total 148480K, used 43914K [0x00000000a0000000, 0x00000000a9100000, 0x00000000e0000000)
  object space 148480K, 29% used [0x00000000a0000000,0x00000000a2ae2978,0x00000000a9100000)
 Metaspace       used 63132K, capacity 64742K, committed 65024K, reserved 1105920K
  class space    used 8024K, capacity 8343K, committed 8448K, reserved 1048576K
GC Heap History (10 events):
Event: 19.051 GC heap before
{Heap before GC invocations=15 (full 2):
 PSYoungGen      total 346112K, used 334327K [0x00000000e0000000, 0x00000000f7680000, 0x0000000100000000)
  eden space 328192K, 100% used [0x00000000e0000000,0x00000000f4080000,0x00000000f4080000)
  from space 17920K, 34% used [0x00000000f6500000,0x00000000f6afdfc8,0x00000000f7680000)
  to   space 27648K, 0% used [0x00000000f4080000,0x00000000f4080000,0x00000000f5b80000)
 ParOldGen       total 70656K, used 51297K [0x00000000a0000000, 0x00000000a4500000, 0x00000000e0000000)
  object space 70656K, 72% used [0x00000000a0000000,0x00000000a3218488,0x00000000a4500000)
 Metaspace       used 55432K, capacity 56854K, committed 56960K, reserved 1099776K
  class space    used 7161K, capacity 7495K, committed 7552K, reserved 1048576K
Event: 19.073 GC heap after
Heap after GC invocations=15 (full 2):
 PSYoungGen      total 355840K, used 12193K [0x00000000e0000000, 0x00000000fc680000, 0x0000000100000000)
  eden space 328192K, 0% used [0x00000000e0000000,0x00000000e0000000,0x00000000f4080000)
  from space 27648K, 44% used [0x00000000f4080000,0x00000000f4c684c8,0x00000000f5b80000)
  to   space 26624K, 0% used [0x00000000fac80000,0x00000000fac80000,0x00000000fc680000)
 ParOldGen       total 70656K, used 55651K [0x00000000a0000000, 0x00000000a4500000, 0x00000000e0000000)
  object space 70656K, 78% used [0x00000000a0000000,0x00000000a3658ea8,0x00000000a4500000)
 Metaspace       used 55432K, capacity 56854K, committed 56960K, reserved 1099776K
  class space    used 7161K, capacity 7495K, committed 7552K, reserved 1048576K
}
Event: 22.912 GC heap before
{Heap before GC invocations=16 (full 2):
 PSYoungGen      total 355840K, used 159890K [0x00000000e0000000, 0x00000000fc680000, 0x0000000100000000)
  eden space 328192K, 45% used [0x00000000e0000000,0x00000000e903c448,0x00000000f4080000)
  from space 27648K, 44% used [0x00000000f4080000,0x00000000f4c684c8,0x00000000f5b80000)
  to   space 26624K, 0% used [0x00000000fac80000,0x00000000fac80000,0x00000000fc680000)
 ParOldGen       total 70656K, used 55651K [0x00000000a0000000, 0x00000000a4500000, 0x00000000e0000000)
  object space 70656K, 78% used [0x00000000a0000000,0x00000000a3658ea8,0x00000000a4500000)
 Metaspace       used 57643K, capacity 59092K, committed 59160K, reserved 1101824K
  class space    used 7479K, capacity 7792K, committed 7808K, reserved 1048576K
Event: 22.963 GC heap after
Heap after GC invocations=16 (full 2):
 PSYoungGen      total 426496K, used 21270K [0x00000000e0000000, 0x00000000fc280000, 0x0000000100000000)
  eden space 403968K, 0% used [0x00000000e0000000,0x00000000e0000000,0x00000000f8a80000)
  from space 22528K, 94% used [0x00000000fac80000,0x00000000fc1458f0,0x00000000fc280000)
  to   space 28672K, 0% used [0x00000000f8a80000,0x00000000f8a80000,0x00000000fa680000)
 ParOldGen       total 70656K, used 55659K [0x00000000a0000000, 0x00000000a4500000, 0x00000000e0000000)
  object space 70656K, 78% used [0x00000000a0000000,0x00000000a365aea8,0x00000000a4500000)
 Metaspace       used 57643K, capacity 59092K, committed 59160K, reserved 1101824K
  class space    used 7479K, capacity 7792K, committed 7808K, reserved 1048576K
}
Event: 22.963 GC heap before
{Heap before GC invocations=17 (full 3):
 PSYoungGen      total 426496K, used 21270K [0x00000000e0000000, 0x00000000fc280000, 0x0000000100000000)
  eden space 403968K, 0% used [0x00000000e0000000,0x00000000e0000000,0x00000000f8a80000)
  from space 22528K, 94% used [0x00000000fac80000,0x00000000fc1458f0,0x00000000fc280000)
  to   space 28672K, 0% used [0x00000000f8a80000,0x00000000f8a80000,0x00000000fa680000)
 ParOldGen       total 70656K, used 55659K [0x00000000a0000000, 0x00000000a4500000, 0x00000000e0000000)
  object space 70656K, 78% used [0x00000000a0000000,0x00000000a365aea8,0x00000000a4500000)
 Metaspace       used 57643K, capacity 59092K, committed 59160K, reserved 1101824K
  class space    used 7479K, capacity 7792K, committed 7808K, reserved 1048576K
Event: 24.079 GC heap after
Heap after GC invocations=17 (full 3):
 PSYoungGen      total 426496K, used 0K [0x00000000e0000000, 0x00000000fc280000, 0x0000000100000000)
  eden space 403968K, 0% used [0x00000000e0000000,0x00000000e0000000,0x00000000f8a80000)
  from space 22528K, 0% used [0x00000000fac80000,0x00000000fac80000,0x00000000fc280000)
  to   space 28672K, 0% used [0x00000000f8a80000,0x00000000f8a80000,0x00000000fa680000)
 ParOldGen       total 148480K, used 65126K [0x00000000a0000000, 0x00000000a9100000, 0x00000000e0000000)
  object space 148480K, 43% used [0x00000000a0000000,0x00000000a3f998a0,0x00000000a9100000)
 Metaspace       used 57641K, capacity 59086K, committed 59160K, reserved 1101824K
  class space    used 7478K, capacity 7791K, committed 7808K, reserved 1048576K
}
Event: 27.416 GC heap before
{Heap before GC invocations=18 (full 3):
 PSYoungGen      total 426496K, used 136897K [0x00000000e0000000, 0x00000000fc280000, 0x0000000100000000)
  eden space 403968K, 33% used [0x00000000e0000000,0x00000000e85b0628,0x00000000f8a80000)
  from space 22528K, 0% used [0x00000000fac80000,0x00000000fac80000,0x00000000fc280000)
  to   space 28672K, 0% used [0x00000000f8a80000,0x00000000f8a80000,0x00000000fa680000)
 ParOldGen       total 148480K, used 65126K [0x00000000a0000000, 0x00000000a9100000, 0x00000000e0000000)
  object space 148480K, 43% used [0x00000000a0000000,0x00000000a3f998a0,0x00000000a9100000)
 Metaspace       used 62239K, capacity 63750K, committed 63872K, reserved 1105920K
  class space    used 7951K, capacity 8275K, committed 8320K, reserved 1048576K
Event: 27.495 GC heap after
Heap after GC invocations=18 (full 3):
 PSYoungGen      total 432640K, used 28670K [0x00000000e0000000, 0x0000000100000000, 0x0000000100000000)
  eden space 403968K, 0% used [0x00000000e0000000,0x00000000e0000000,0x00000000f8a80000)
  from space 28672K, 99% used [0x00000000f8a80000,0x00000000fa67fb20,0x00000000fa680000)
  to   space 34304K, 0% used [0x00000000fde80000,0x00000000fde80000,0x0000000100000000)
 ParOldGen       total 148480K, used 68541K [0x00000000a0000000, 0x00000000a9100000, 0x00000000e0000000)
  object space 148480K, 46% used [0x00000000a0000000,0x00000000a42ef4e8,0x00000000a9100000)
 Metaspace       used 62239K, capacity 63750K, committed 63872K, reserved 1105920K
  class space    used 7951K, capacity 8275K, committed 8320K, reserved 1048576K
}
Event: 27.495 GC heap before
{Heap before GC invocations=19 (full 4):
 PSYoungGen      total 432640K, used 28670K [0x00000000e0000000, 0x0000000100000000, 0x0000000100000000)
  eden space 403968K, 0% used [0x00000000e0000000,0x00000000e0000000,0x00000000f8a80000)
  from space 28672K, 99% used [0x00000000f8a80000,0x00000000fa67fb20,0x00000000fa680000)
  to   space 34304K, 0% used [0x00000000fde80000,0x00000000fde80000,0x0000000100000000)
 ParOldGen       total 148480K, used 68541K [0x00000000a0000000, 0x00000000a9100000, 0x00000000e0000000)
  object space 148480K, 46% used [0x00000000a0000000,0x00000000a42ef4e8,0x00000000a9100000)
 Metaspace       used 62239K, capacity 63750K, committed 63872K, reserved 1105920K
  class space    used 7951K, capacity 8275K, committed 8320K, reserved 1048576K
Event: 27.983 GC heap after
Heap after GC invocations=19 (full 4):
 PSYoungGen      total 432640K, used 0K [0x00000000e0000000, 0x0000000100000000, 0x0000000100000000)
  eden space 403968K, 0% used [0x00000000e0000000,0x00000000e0000000,0x00000000f8a80000)
  from space 28672K, 0% used [0x00000000f8a80000,0x00000000f8a80000,0x00000000fa680000)
  to   space 34304K, 0% used [0x00000000fde80000,0x00000000fde80000,0x0000000100000000)
 ParOldGen       total 148480K, used 43914K [0x00000000a0000000, 0x00000000a9100000, 0x00000000e0000000)
  object space 148480K, 29% used [0x00000000a0000000,0x00000000a2ae2978,0x00000000a9100000)
 Metaspace       used 62239K, capacity 63750K, committed 63872K, reserved 1105920K
  class space    used 7951K, capacity 8275K, committed 8320K, reserved 1048576K
}

