# JRE version: OpenJDK Runtime Environment (8.0_76-b03) (build 1.8.0_76-release-b03)
# Java VM: OpenJDK 64-Bit Server VM (25.76-b03 mixed mode linux-amd64 compressed oops)
Heap:
 PSYoungGen      total 480256K, used 37027K [0x00000000e0000000, 0x0000000100000000, 0x0000000100000000)
  eden space 436224K, 8% used [0x00000000e0000000,0x00000000e2428f50,0x00000000faa00000)
  from space 44032K, 0% used [0x00000000faa00000,0x00000000faa00000,0x00000000fd500000)
  to   space 44032K, 0% used [0x00000000fd500000,0x00000000fd500000,0x0000000100000000)
 ParOldGen       total 222720K, used 108003K [0x00000000a0000000, 0x00000000ad980000, 0x00000000e0000000)
  object space 222720K, 48% used [0x00000000a0000000,0x00000000a6978f10,0x00000000ad980000)
 Metaspace       used 63071K, capacity 64764K, committed 65024K, reserved 1105920K
  class space    used 8089K, capacity 8434K, committed 8448K, reserved 1048576K
GC Heap History (10 events):
Event: 12.768 GC heap before
{Heap before GC invocations=13 (full 3):
 PSYoungGen      total 490496K, used 22595K [0x00000000e0000000, 0x0000000100000000, 0x0000000100000000)
  eden space 460800K, 0% used [0x00000000e0000000,0x00000000e0000000,0x00000000fc200000)
  from space 29696K, 76% used [0x00000000fe300000,0x00000000ff910ca8,0x0000000100000000)
  to   space 31744K, 0% used [0x00000000fc200000,0x00000000fc200000,0x00000000fe100000)
 ParOldGen       total 75776K, used 49126K [0x00000000a0000000, 0x00000000a4a00000, 0x00000000e0000000)
  object space 75776K, 64% used [0x00000000a0000000,0x00000000a2ff98e0,0x00000000a4a00000)
 Metaspace       used 57632K, capacity 59058K, committed 59136K, reserved 1099776K
  class space    used 7510K, capacity 7865K, committed 7936K, reserved 1048576K
Event: 13.005 GC heap after
Heap after GC invocations=13 (full 3):
 PSYoungGen      total 490496K, used 0K [0x00000000e0000000, 0x0000000100000000, 0x0000000100000000)
  eden space 460800K, 0% used [0x00000000e0000000,0x00000000e0000000,0x00000000fc200000)
  from space 29696K, 0% used [0x00000000fe300000,0x00000000fe300000,0x0000000100000000)
  to   space 31744K, 0% used [0x00000000fc200000,0x00000000fc200000,0x00000000fe100000)
 ParOldGen       total 132608K, used 56041K [0x00000000a0000000, 0x00000000a8180000, 0x00000000e0000000)
  object space 132608K, 42% used [0x00000000a0000000,0x00000000a36ba618,0x00000000a8180000)
 Metaspace       used 57630K, capacity 59052K, committed 59136K, reserved 1099776K
  class space    used 7510K, capacity 7864K, committed 7936K, reserved 1048576K
}
Event: 13.956 GC heap before
{Heap before GC invocations=14 (full 3):
 PSYoungGen      total 490496K, used 459932K [0x00000000e0000000, 0x0000000100000000, 0x0000000100000000)
  eden space 460800K, 99% used [0x00000000e0000000,0x00000000fc1270c0,0x00000000fc200000)
  from space 29696K, 0% used [0x00000000fe300000,0x00000000fe300000,0x0000000100000000)
  to   space 31744K, 0% used [0x00000000fc200000,0x00000000fc200000,0x00000000fe100000)
 ParOldGen       total 132608K, used 56041K [0x00000000a0000000, 0x00000000a8180000, 0x00000000e0000000)
  object space 132608K, 42% used [0x00000000a0000000,0x00000000a36ba618,0x00000000a8180000)
 Metaspace       used 58806K, capacity 60430K, committed 60544K, reserved 1101824K
  class space    used 7668K, capacity 8011K, committed 8064K, reserved 1048576K
Event: 13.976 GC heap after
Heap after GC invocations=14 (full 3):
 PSYoungGen      total 482304K, used 21028K [0x00000000e0000000, 0x0000000100000000, 0x0000000100000000)
  eden space 460800K, 0% used [0x00000000e0000000,0x00000000e0000000,0x00000000fc200000)
  from space 21504K, 97% used [0x00000000fc200000,0x00000000fd689160,0x00000000fd700000)
  to   space 32256K, 0% used [0x00000000fe080000,0x00000000fe080000,0x0000000100000000)
 ParOldGen       total 132608K, used 56049K [0x00000000a0000000, 0x00000000a8180000, 0x00000000e0000000)
  object space 132608K, 42% used [0x00000000a0000000,0x00000000a36bc618,0x00000000a8180000)
 Metaspace       used 58806K, capacity 60430K, committed 60544K, reserved 1101824K
  class space    used 7668K, capacity 8011K, committed 8064K, reserved 1048576K
}
Event: 16.475 GC heap before
{Heap before GC invocations=15 (full 3):
 PSYoungGen      total 482304K, used 481828K [0x00000000e0000000, 0x0000000100000000, 0x0000000100000000)
  eden space 460800K, 100% used [0x00000000e0000000,0x00000000fc200000,0x00000000fc200000)
  from space 21504K, 97% used [0x00000000fc200000,0x00000000fd689160,0x00000000fd700000)
  to   space 32256K, 0% used [0x00000000fe080000,0x00000000fe080000,0x0000000100000000)
 ParOldGen       total 132608K, used 56049K [0x00000000a0000000, 0x00000000a8180000, 0x00000000e0000000)
  object space 132608K, 42% used [0x00000000a0000000,0x00000000a36bc618,0x00000000a8180000)
 Metaspace       used 62706K, capacity 64398K, committed 64512K, reserved 1105920K
  class space    used 8083K, capacity 8437K, committed 8448K, reserved 1048576K
Event: 16.524 GC heap after
Heap after GC invocations=15 (full 3):
 PSYoungGen      total 468480K, used 32229K [0x00000000e0000000, 0x0000000100000000, 0x0000000100000000)
  eden space 436224K, 0% used [0x00000000e0000000,0x00000000e0000000,0x00000000faa00000)
  from space 32256K, 99% used [0x00000000fe080000,0x00000000ffff9578,0x0000000100000000)
  to   space 44032K, 0% used [0x00000000faa00000,0x00000000faa00000,0x00000000fd500000)
 ParOldGen       total 132608K, used 74989K [0x00000000a0000000, 0x00000000a8180000, 0x00000000e0000000)
  object space 132608K, 56% used [0x00000000a0000000,0x00000000a493b788,0x00000000a8180000)
 Metaspace       used 62706K, capacity 64398K, committed 64512K, reserved 1105920K
  class space    used 8083K, capacity 8437K, committed 8448K, reserved 1048576K
}
Event: 18.730 GC heap before
{Heap before GC invocations=16 (full 3):
 PSYoungGen      total 468480K, used 468453K [0x00000000e0000000, 0x0000000100000000, 0x0000000100000000)
  eden space 436224K, 100% used [0x00000000e0000000,0x00000000faa00000,0x00000000faa00000)
  from space 32256K, 99% used [0x00000000fe080000,0x00000000ffff9578,0x0000000100000000)
  to   space 44032K, 0% used [0x00000000faa00000,0x00000000faa00000,0x00000000fd500000)
 ParOldGen       total 132608K, used 74989K [0x00000000a0000000, 0x00000000a8180000, 0x00000000e0000000)
  object space 132608K, 56% used [0x00000000a0000000,0x00000000a493b788,0x00000000a8180000)
 Metaspace       used 63065K, capacity 64782K, committed 65024K, reserved 1105920K
  class space    used 8089K, capacity 8437K, committed 8448K, reserved 1048576K
Event: 18.823 GC heap after
Heap after GC invocations=16 (full 3):
 PSYoungGen      total 480256K, used 44001K [0x00000000e0000000, 0x0000000100000000, 0x0000000100000000)
  eden space 436224K, 0% used [0x00000000e0000000,0x00000000e0000000,0x00000000faa00000)
  from space 44032K, 99% used [0x00000000faa00000,0x00000000fd4f8788,0x00000000fd500000)
  to   space 44032K, 0% used [0x00000000fd500000,0x00000000fd500000,0x0000000100000000)
 ParOldGen       total 132608K, used 108627K [0x00000000a0000000, 0x00000000a8180000, 0x00000000e0000000)
  object space 132608K, 81% used [0x00000000a0000000,0x00000000a6a14f20,0x00000000a8180000)
 Metaspace       used 63065K, capacity 64782K, committed 65024K, reserved 1105920K
  class space    used 8089K, capacity 8437K, committed 8448K, reserved 1048576K
}
Event: 18.823 GC heap before
{Heap before GC invocations=17 (full 4):
 PSYoungGen      total 480256K, used 44001K [0x00000000e0000000, 0x0000000100000000, 0x0000000100000000)
  eden space 436224K, 0% used [0x00000000e0000000,0x00000000e0000000,0x00000000faa00000)
  from space 44032K, 99% used [0x00000000faa00000,0x00000000fd4f8788,0x00000000fd500000)
  to   space 44032K, 0% used [0x00000000fd500000,0x00000000fd500000,0x0000000100000000)
 ParOldGen       total 132608K, used 108627K [0x00000000a0000000, 0x00000000a8180000, 0x00000000e0000000)
  object space 132608K, 81% used [0x00000000a0000000,0x00000000a6a14f20,0x00000000a8180000)
 Metaspace       used 63065K, capacity 64782K, committed 65024K, reserved 1105920K
  class space    used 8089K, capacity 8437K, committed 8448K, reserved 1048576K
Event: 19.622 GC heap after
Heap after GC invocations=17 (full 4):
 PSYoungGen      total 480256K, used 0K [0x00000000e0000000, 0x0000000100000000, 0x0000000100000000)
  eden space 436224K, 0% used [0x00000000e0000000,0x00000000e0000000,0x00000000faa00000)
  from space 44032K, 0% used [0x00000000faa00000,0x00000000faa00000,0x00000000fd500000)
  to   space 44032K, 0% used [0x00000000fd500000,0x00000000fd500000,0x0000000100000000)
 ParOldGen       total 222720K, used 108003K [0x00000000a0000000, 0x00000000ad980000, 0x00000000e0000000)
  object space 222720K, 48% used [0x00000000a0000000,0x00000000a6978f10,0x00000000ad980000)
 Metaspace       used 63059K, capacity 64764K, committed 65024K, reserved 1105920K
  class space    used 8087K, capacity 8434K, committed 8448K, reserved 1048576K
}

